\BOOKMARK [0][-]{chapter*.1}{\376\377\000C\000o\000n\000t\000e\000n\000t\000s}{}% 1
\BOOKMARK [0][-]{chapter*.2}{\376\377\000L\000i\000s\000t\000\040\000o\000f\000\040\000T\000a\000b\000l\000e\000s}{}% 2
\BOOKMARK [0][-]{chapter*.3}{\376\377\000L\000i\000s\000t\000\040\000o\000f\000\040\000F\000i\000g\000u\000r\000e\000s}{}% 3
\BOOKMARK [0][-]{chapter.1}{\376\377\000I\000n\000t\000r\000o\000d\000u\000c\000t\000i\000o\000n}{}% 4
\BOOKMARK [0][-]{chapter.2}{\376\377\000T\000h\000e\000\040\000T\000o\000p\000\040\000P\000h\000y\000s\000i\000c\000s\000\040\000a\000n\000d\000\040\000M\000a\000c\000h\000i\000n\000e\000\040\000L\000e\000a\000r\000n\000i\000n\000g}{}% 5
\BOOKMARK [1][-]{section.2.1}{\376\377\000T\000h\000e\000\040\000T\000o\000p\000\040\000P\000h\000y\000s\000i\000c\000s}{chapter.2}% 6
\BOOKMARK [1][-]{section.2.2}{\376\377\000M\000a\000c\000h\000i\000n\000e\000\040\000L\000e\000a\000r\000n\000i\000n\000g\000\040\000a\000n\000d\000\040\000i\000t\000s\000\040\000a\000p\000p\000l\000i\000c\000a\000t\000i\000o\000n\000\040\000o\000n\000\040\000P\000a\000r\000t\000i\000c\000l\000e\000\040\000P\000h\000y\000s\000i\000c\000s}{chapter.2}% 7
\BOOKMARK [0][-]{chapter.3}{\376\377\000E\000v\000e\000n\000t\000\040\000G\000e\000n\000e\000r\000a\000t\000i\000o\000n}{}% 8
\BOOKMARK [1][-]{section.3.1}{\376\377\000M\000C\000\040\000s\000a\000m\000p\000l\000e\000s}{chapter.3}% 9
\BOOKMARK [0][-]{chapter.4}{\376\377\000D\000a\000t\000a\000\040\000a\000n\000a\000l\000y\000s\000i\000s\000\040\000a\000n\000d\000\040\000E\000v\000e\000n\000t\000\040\000r\000e\000c\000o\000n\000s\000t\000r\000u\000c\000t\000i\000o\000n}{}% 10
\BOOKMARK [1][-]{section.4.1}{\376\377\000D\000a\000t\000a\000\040\000a\000n\000a\000l\000y\000s\000i\000s}{chapter.4}% 11
\BOOKMARK [2][-]{subsection.4.1.1}{\376\377\000E\000v\000e\000n\000t\000\040\000s\000e\000l\000e\000c\000t\000i\000o\000n}{section.4.1}% 12
\BOOKMARK [2][-]{subsection.4.1.2}{\376\377\000T\000r\000u\000t\000h\000\040\000m\000a\000t\000c\000h\000i\000n\000g}{section.4.1}% 13
\BOOKMARK [2][-]{subsection.4.1.3}{\376\377\000C\000u\000s\000t\000o\000m\000\040\000b\000a\000r\000c\000o\000d\000e\000\040\000s\000y\000s\000t\000e\000m}{section.4.1}% 14
\BOOKMARK [1][-]{section.4.2}{\376\377\000E\000v\000e\000n\000t\000\040\000r\000e\000c\000o\000n\000s\000t\000r\000u\000c\000t\000i\000o\000n}{chapter.4}% 15
\BOOKMARK [2][-]{subsection.4.2.1}{\376\377\0002\000\040\000m\000i\000n\000i\000m\000i\000z\000a\000t\000i\000o\000n\000\040\000m\000e\000t\000h\000o\000d}{section.4.2}% 16
\BOOKMARK [2][-]{subsection.4.2.2}{\376\377\000M\000a\000c\000h\000i\000n\000e\000\040\000L\000e\000a\000r\000n\000i\000n\000g\000\040\000A\000p\000p\000r\000o\000a\000c\000h}{section.4.2}% 17
\BOOKMARK [0][-]{chapter.5}{\376\377\000R\000e\000s\000u\000l\000t\000\040\000a\000n\000d\000\040\000D\000i\000s\000c\000u\000s\000s\000i\000o\000n}{}% 18
\BOOKMARK [1][-]{section.5.1}{\376\377\000I\000n\000v\000a\000r\000i\000a\000n\000t\000\040\000m\000a\000s\000s\000\040\000a\000n\000d\000\040\000r\000e\000c\000o\000n\000s\000t\000r\000u\000c\000t\000\040\000e\000f\000f\000i\000c\000i\000e\000n\000c\000y\000\040}{chapter.5}% 19
\BOOKMARK [2][-]{subsection.5.1.1}{\376\377\000R\000e\000c\000o\000n\000s\000t\000r\000u\000c\000t\000e\000d\000\040\000i\000n\000v\000a\000r\000i\000a\000n\000t\000\040\000m\000a\000s\000s\000\040\000u\000s\000i\000n\000g\000\040\0002\000\040\000m\000i\000n\000i\000m\000i\000z\000a\000t\000i\000o\000n}{section.5.1}% 20
\BOOKMARK [2][-]{subsection.5.1.2}{\376\377\000R\000e\000c\000o\000n\000s\000t\000r\000u\000c\000t\000e\000d\000\040\000i\000n\000v\000a\000r\000i\000a\000n\000t\000\040\000m\000a\000s\000s\000\040\000u\000s\000i\000n\000g\000\040\000S\000P\000A\000-\000N\000E\000T}{section.5.1}% 21
\BOOKMARK [1][-]{section.5.2}{\376\377\000O\000u\000t\000l\000o\000o\000k}{chapter.5}% 22
\BOOKMARK [0][-]{chapter.6}{\376\377\000C\000o\000n\000c\000l\000u\000s\000i\000o\000n}{}% 23
\BOOKMARK [0][-]{chapter.6}{\376\377\000A\000p\000p\000e\000n\000d\000i\000x}{}% 24
\BOOKMARK [0][-]{appendix.A}{\376\377\000A\000p\000p\000e\000n\000d\000i\000x}{}% 25
\BOOKMARK [1][-]{section.A.1}{\376\377\000E\000v\000e\000n\000t\000\040\000d\000i\000s\000p\000l\000a\000y\000s\000\040\000f\000o\000r\000\040\000H\000i\000g\000g\000s\000\040\000b\000o\000s\000o\000n\000\040\000c\000a\000n\000d\000i\000d\000a\000t\000e\000s}{appendix.A}% 26
\BOOKMARK [1][-]{section.A.2}{\376\377\000R\000e\000-\000e\000s\000t\000i\000m\000a\000t\000i\000o\000n\000\040\000o\000f\000\040\000W\000W\000\040\000t\000h\000e\000o\000r\000e\000t\000i\000c\000a\000l\000\040\000u\000n\000c\000e\000r\000t\000a\000i\000n\000t\000i\000e\000s\000\040\000w\000i\000t\000h\000\040\000t\000h\000e\000\040\000m\000o\000d\000i\000f\000i\000e\000d\000\040\000p\000T\000t\000o\000t\000\040\000v\000a\000r\000i\000a\000b\000l\000e}{appendix.A}% 27
\BOOKMARK [1][-]{section.A.3}{\376\377\000O\000p\000t\000i\000m\000i\000z\000a\000t\000i\000o\000n\000\040\000o\000f\000\040\000t\000h\000e\000\040\000s\000e\000l\000e\000c\000t\000i\000o\000n\000s\000\040\000f\000o\000r\000\040\000V\000B\000F\000\040\000p\000h\000a\000s\000e\000\040\000s\000p\000a\000c\000e}{appendix.A}% 28
\BOOKMARK [0][-]{appendix*.17}{\376\377\000R\000e\000f\000e\000r\000e\000n\000c\000e}{}% 29
